<?xml version="1.0" encoding="UTF-8"?>
<!-- Generated by org.testng.reporters.JUnitXMLReporter -->
<testsuite ignored="0" hostname="DESKTOP-TFUFUVK" failures="0" tests="3" name="SubmitOrderTest" time="14.893" errors="0" timestamp="2023-12-08T17:11:33 IST">
  <testcase classname="tests.SubmitOrderTest" name="SubmitOrder" time="3.905"/>
  <testcase classname="tests.SubmitOrderTest" name="SubmitOrder" time="3.816"/>
  <testcase classname="tests.SubmitOrderTest" name="VerifyOrderDisplay" time="0.561"/>
</testsuite> <!-- SubmitOrderTest -->
