<?xml version="1.0" encoding="UTF-8"?>
<!-- Generated by org.testng.reporters.JUnitXMLReporter -->
<testsuite ignored="0" hostname="DESKTOP-TFUFUVK" failures="0" tests="6" name="Test" time="128.302" errors="0" timestamp="2024-01-13T11:20:56 IST">
  <testcase classname="tests.LoginErrorMessageTest" name="LoginErrorValidation" time="18.449"/>
  <testcase classname="tests.SubmitOrderTest" name="SubmitOrder" time="22.534"/>
  <testcase classname="tests.SubmitOrderTest" name="SubmitOrder" time="21.976"/>
  <testcase classname="tests.OrderDisplayTest" name="VerifyOrderdisplay" time="18.741"/>
  <testcase classname="tests.OrderDisplayTest" name="VerifyOrderdisplay" time="18.671"/>
  <testcase classname="tests.ProductErrorTest" name="ProductErrorValidation" time="21.561"/>
</testsuite> <!-- Test -->
