<?xml version="1.0" encoding="UTF-8"?>
<!-- Generated by org.testng.reporters.JUnitXMLReporter -->
<testsuite ignored="0" hostname="DESKTOP-TFUFUVK" failures="0" tests="3" name="SubmitOrderTest" time="16.626" errors="0" timestamp="2023-12-09T04:24:23 IST">
  <testcase classname="tests.SubmitOrderTest" name="SubmitOrder" time="3.782"/>
  <testcase classname="tests.SubmitOrderTest" name="SubmitOrder" time="3.761"/>
  <testcase classname="tests.SubmitOrderTest" name="VerifyOrderDisplay" time="0.403"/>
</testsuite> <!-- SubmitOrderTest -->
