<?xml version="1.0" encoding="UTF-8"?>
<!-- Generated by org.testng.reporters.JUnitXMLReporter -->
<testsuite ignored="0" hostname="DESKTOP-TFUFUVK" failures="0" tests="6" name="Test" time="128.282" errors="0" timestamp="2024-01-13T18:24:10 IST">
  <testcase classname="tests.LoginErrorMessageTest" name="LoginErrorValidation" time="18.526"/>
  <testcase classname="tests.SubmitOrderTest" name="SubmitOrder" time="22.681"/>
  <testcase classname="tests.SubmitOrderTest" name="SubmitOrder" time="22.266"/>
  <testcase classname="tests.OrderDisplayTest" name="VerifyOrderdisplay" time="18.704"/>
  <testcase classname="tests.OrderDisplayTest" name="VerifyOrderdisplay" time="18.621"/>
  <testcase classname="tests.ProductErrorTest" name="ProductErrorValidation" time="21.532"/>
</testsuite> <!-- Test -->
