<?xml version="1.0" encoding="UTF-8"?>
<!-- Generated by org.testng.reporters.JUnitXMLReporter -->
<testsuite ignored="0" hostname="DESKTOP-TFUFUVK" failures="0" tests="6" name="Test" time="127.825" errors="0" timestamp="2024-01-13T15:28:00 IST">
  <testcase classname="tests.LoginErrorMessageTest" name="LoginErrorValidation" time="18.761"/>
  <testcase classname="tests.SubmitOrderTest" name="SubmitOrder" time="21.679"/>
  <testcase classname="tests.SubmitOrderTest" name="SubmitOrder" time="22.332"/>
  <testcase classname="tests.OrderDisplayTest" name="VerifyOrderdisplay" time="18.844"/>
  <testcase classname="tests.OrderDisplayTest" name="VerifyOrderdisplay" time="18.738"/>
  <testcase classname="tests.ProductErrorTest" name="ProductErrorValidation" time="21.214"/>
</testsuite> <!-- Test -->
