<?xml version="1.0" encoding="UTF-8"?>
<testng-results ignored="0" total="6" passed="6" failed="0" skipped="0">
  <reporter-output>
  </reporter-output>
  <suite started-at="2024-01-13T15:25:52 IST" name="Suite" finished-at="2024-01-13T15:28:00 IST" duration-ms="127825">
    <groups>
      <group name="Purchase">
        <method signature="SubmitOrderTest.SubmitOrder(java.util.HashMap)[pri:0, instance:tests.SubmitOrderTest@55183b20]" name="SubmitOrder" class="tests.SubmitOrderTest"/>
      </group> <!-- Purchase -->
      <group name="ErrorHandling">
        <method signature="LoginErrorMessageTest.LoginErrorValidation()[pri:0, instance:tests.LoginErrorMessageTest@77fbd92c]" name="LoginErrorValidation" class="tests.LoginErrorMessageTest"/>
        <method signature="ProductErrorTest.ProductErrorValidation()[pri:0, instance:tests.ProductErrorTest@6cf0e0ba]" name="ProductErrorValidation" class="tests.ProductErrorTest"/>
      </group> <!-- ErrorHandling -->
    </groups>
    <test started-at="2024-01-13T15:25:52 IST" name="Test" finished-at="2024-01-13T15:28:00 IST" duration-ms="127825">
      <class name="tests.ProductErrorTest">
        <test-method is-config="true" signature="launchApplication()[pri:0, instance:tests.ProductErrorTest@6cf0e0ba]" started-at="2024-01-13T15:27:37 IST" name="launchApplication" finished-at="2024-01-13T15:27:38 IST" duration-ms="1037" status="PASS">
          <reporter-output>
          </reporter-output>
        </test-method> <!-- launchApplication -->
        <test-method signature="ProductErrorValidation()[pri:0, instance:tests.ProductErrorTest@6cf0e0ba]" started-at="2024-01-13T15:27:38 IST" name="ProductErrorValidation" finished-at="2024-01-13T15:28:00 IST" duration-ms="21214" status="PASS">
          <reporter-output>
          </reporter-output>
        </test-method> <!-- ProductErrorValidation -->
        <test-method is-config="true" signature="teardown()[pri:0, instance:tests.ProductErrorTest@6cf0e0ba]" started-at="2024-01-13T15:28:00 IST" name="teardown" finished-at="2024-01-13T15:28:00 IST" duration-ms="96" status="PASS">
          <reporter-output>
          </reporter-output>
        </test-method> <!-- teardown -->
      </class> <!-- tests.ProductErrorTest -->
      <class name="tests.LoginErrorMessageTest">
        <test-method is-config="true" signature="launchApplication()[pri:0, instance:tests.LoginErrorMessageTest@77fbd92c]" started-at="2024-01-13T15:25:52 IST" name="launchApplication" finished-at="2024-01-13T15:25:54 IST" duration-ms="2535" status="PASS">
          <reporter-output>
          </reporter-output>
        </test-method> <!-- launchApplication -->
        <test-method signature="LoginErrorValidation()[pri:0, instance:tests.LoginErrorMessageTest@77fbd92c]" started-at="2024-01-13T15:25:54 IST" name="LoginErrorValidation" finished-at="2024-01-13T15:26:13 IST" duration-ms="18761" status="PASS">
          <reporter-output>
          </reporter-output>
        </test-method> <!-- LoginErrorValidation -->
        <test-method is-config="true" signature="teardown()[pri:0, instance:tests.LoginErrorMessageTest@77fbd92c]" started-at="2024-01-13T15:26:13 IST" name="teardown" finished-at="2024-01-13T15:26:13 IST" duration-ms="98" status="PASS">
          <reporter-output>
          </reporter-output>
        </test-method> <!-- teardown -->
      </class> <!-- tests.LoginErrorMessageTest -->
      <class name="tests.SubmitOrderTest">
        <test-method is-config="true" signature="launchApplication()[pri:0, instance:tests.SubmitOrderTest@55183b20]" started-at="2024-01-13T15:26:13 IST" name="launchApplication" finished-at="2024-01-13T15:26:14 IST" duration-ms="1019" status="PASS">
          <reporter-output>
          </reporter-output>
        </test-method> <!-- launchApplication -->
        <test-method signature="SubmitOrder(java.util.HashMap)[pri:0, instance:tests.SubmitOrderTest@55183b20]" started-at="2024-01-13T15:26:14 IST" name="SubmitOrder" data-provider="getdata" finished-at="2024-01-13T15:26:36 IST" duration-ms="21679" status="PASS">
          <params>
            <param index="0">
              <value>
                <![CDATA[{userId=anshika@gmail.com, password=Iamking@000, productName=ZARA COAT 3}]]>
              </value>
            </param>
          </params>
          <reporter-output>
          </reporter-output>
        </test-method> <!-- SubmitOrder -->
        <test-method signature="SubmitOrder(java.util.HashMap)[pri:0, instance:tests.SubmitOrderTest@55183b20]" started-at="2024-01-13T15:26:36 IST" name="SubmitOrder" data-provider="getdata" finished-at="2024-01-13T15:26:59 IST" duration-ms="22332" status="PASS">
          <params>
            <param index="0">
              <value>
                <![CDATA[{userId=satishraja@gmail.com, password=Raja1234, productName=ADIDAS ORIGINAL}]]>
              </value>
            </param>
          </params>
          <reporter-output>
          </reporter-output>
        </test-method> <!-- SubmitOrder -->
        <test-method is-config="true" signature="teardown()[pri:0, instance:tests.SubmitOrderTest@55183b20]" started-at="2024-01-13T15:26:59 IST" name="teardown" finished-at="2024-01-13T15:26:59 IST" duration-ms="144" status="PASS">
          <reporter-output>
          </reporter-output>
        </test-method> <!-- teardown -->
      </class> <!-- tests.SubmitOrderTest -->
      <class name="tests.OrderDisplayTest">
        <test-method is-config="true" signature="launchApplication()[pri:0, instance:tests.OrderDisplayTest@4f83df68]" started-at="2024-01-13T15:26:59 IST" name="launchApplication" finished-at="2024-01-13T15:27:00 IST" duration-ms="968" status="PASS">
          <reporter-output>
          </reporter-output>
        </test-method> <!-- launchApplication -->
        <test-method signature="VerifyOrderdisplay(java.util.HashMap)[pri:0, instance:tests.OrderDisplayTest@4f83df68]" started-at="2024-01-13T15:27:00 IST" name="VerifyOrderdisplay" data-provider="getdata" finished-at="2024-01-13T15:27:18 IST" duration-ms="18844" status="PASS">
          <params>
            <param index="0">
              <value>
                <![CDATA[{userId=anshika@gmail.com, password=Iamking@000, productName=ZARA COAT 3}]]>
              </value>
            </param>
          </params>
          <reporter-output>
          </reporter-output>
        </test-method> <!-- VerifyOrderdisplay -->
        <test-method signature="VerifyOrderdisplay(java.util.HashMap)[pri:0, instance:tests.OrderDisplayTest@4f83df68]" started-at="2024-01-13T15:27:18 IST" name="VerifyOrderdisplay" data-provider="getdata" finished-at="2024-01-13T15:27:37 IST" duration-ms="18738" status="PASS">
          <params>
            <param index="0">
              <value>
                <![CDATA[{userId=satishraja@gmail.com, password=Raja1234, productName=ADIDAS ORIGINAL}]]>
              </value>
            </param>
          </params>
          <reporter-output>
          </reporter-output>
        </test-method> <!-- VerifyOrderdisplay -->
        <test-method is-config="true" signature="teardown()[pri:0, instance:tests.OrderDisplayTest@4f83df68]" started-at="2024-01-13T15:27:37 IST" name="teardown" finished-at="2024-01-13T15:27:37 IST" duration-ms="99" status="PASS">
          <reporter-output>
          </reporter-output>
        </test-method> <!-- teardown -->
      </class> <!-- tests.OrderDisplayTest -->
    </test> <!-- Test -->
  </suite> <!-- Suite -->
</testng-results>
